info it worked if it ends with ok
verbose cli [ 'node', '/usr/bin/npm', 'adduser' ]
info using npm@1.1.4
info using node@v0.6.12
verbose config file /home/zhaozijian/.npmrc
verbose config file /usr/etc/npmrc
verbose config file /usr/share/npm/npmrc
ERR! Error: Please use a real email address.
ERR!     at Object.adduser (/usr/share/npm/lib/utils/npm-registry-client/adduser.js:28:15)
ERR!     at /usr/share/npm/lib/adduser.js:40:16
ERR!     at go (/usr/share/npm/lib/utils/promise-chain.js:20:19)
ERR!     at /usr/share/npm/lib/utils/promise-chain.js:33:13
ERR!     at ReadStream.D (/usr/share/npm/node_modules/read/lib/read.js:102:7)
ERR!     at ReadStream.emit (events.js:67:17)
ERR!     at TTY.onread (net.js:347:14)
ERR! You may report this log at:
ERR!     <http://bugs.debian.org/npm>
ERR! or use
ERR!     reportbug --attach /home/zhaozijian/mygit/Demo/NodeJs/npm-debug.log npm
ERR! 
ERR! System Linux 3.2.0-24-generic-pae
ERR! command "node" "/usr/bin/npm" "adduser"
ERR! cwd /home/zhaozijian/mygit/Demo/NodeJs
ERR! node -v v0.6.12
ERR! npm -v 1.1.4
ERR! message Please use a real email address.
verbose exit [ 1, true ]
